Build started 2016-09-09 11:38:56.
     1>Project "H:\Desktop\Eda221\labbar\build\glfw.vcxproj" on node 3 (Build target(s)).
     1>CustomBuild:
         Building Custom Rule H:/Desktop/Eda221/labbar/code/CMakeLists.txt
         CMake does not need to re-run because H:\Desktop\Eda221\labbar\build\CMakeFiles\generate.stamp is up-to-date.
         Creating directories for 'glfw'
         Performing download step (git clone) for 'glfw'
         Cloning into 'glfw'...
         Checking out files:  31% (44/140)   
         Checking out files:  32% (45/140)   
         Checking out files:  33% (47/140)   
         Checking out files:  34% (48/140)   
         Checking out files:  35% (49/140)   
         Checking out files:  36% (51/140)   
         Checking out files:  37% (52/140)   
         Checking out files:  38% (54/140)   
         Checking out files:  39% (55/140)   
         Checking out files:  40% (56/140)   
         Checking out files:  41% (58/140)   
         Checking out files:  42% (59/140)   
         Checking out files:  43% (61/140)   
         Checking out files:  44% (62/140)   
         Checking out files:  45% (63/140)   
         Checking out files:  46% (65/140)   
         Checking out files:  47% (66/140)   
         Checking out files:  48% (68/140)   
         Checking out files:  49% (69/140)   
         Checking out files:  50% (70/140)   
         Checking out files:  51% (72/140)   
         Checking out files:  52% (73/140)   
         Checking out files:  53% (75/140)   
         Checking out files:  54% (76/140)   
         Checking out files:  55% (77/140)   
         Checking out files:  56% (79/140)   
         Checking out files:  57% (80/140)   
         Checking out files:  57% (81/140)   
         Checking out files:  58% (82/140)   
         Checking out files:  59% (83/140)   
         Checking out files:  60% (84/140)   
         Checking out files:  61% (86/140)   
         Checking out files:  62% (87/140)   
         Checking out files:  63% (89/140)   
         Checking out files:  64% (90/140)   
         Checking out files:  65% (91/140)   
         Checking out files:  66% (93/140)   
         Checking out files:  67% (94/140)   
         Checking out files:  68% (96/140)   
         Checking out files:  69% (97/140)   
         Checking out files:  70% (98/140)   
         Checking out files:  71% (100/140)   
         Checking out files:  72% (101/140)   
         Checking out files:  73% (103/140)   
         Checking out files:  74% (104/140)   
         Checking out files:  75% (105/140)   
         Checking out files:  76% (107/140)   
         Checking out files:  77% (108/140)   
         Checking out files:  78% (110/140)   
         Checking out files:  79% (111/140)   
         Checking out files:  80% (112/140)   
         Checking out files:  81% (114/140)   
         Checking out files:  82% (115/140)   
         Checking out files:  83% (117/140)   
         Checking out files:  84% (118/140)   
         Checking out files:  85% (119/140)   
         Checking out files:  86% (121/140)   
         Checking out files:  87% (122/140)   
